0 info it worked if it ends with ok
1 verbose cli [ '/usr/local/bin/node',
1 verbose cli   '/usr/local/bin/npm',
1 verbose cli   'install',
1 verbose cli   'angular-cli@1.1.0' ]
2 info using npm@3.10.10
3 info using node@v6.11.1
4 silly loadCurrentTree Starting
5 silly install loadCurrentTree
6 silly install readLocalPackageData
7 silly fetchPackageMetaData angular-cli@1.1.0
8 silly fetchNamedPackageData angular-cli
9 silly mapToRegistry name angular-cli
10 silly mapToRegistry using default registry
11 silly mapToRegistry registry https://registry.npmjs.org/
12 silly mapToRegistry data Result {
12 silly mapToRegistry   raw: 'angular-cli',
12 silly mapToRegistry   scope: null,
12 silly mapToRegistry   escapedName: 'angular-cli',
12 silly mapToRegistry   name: 'angular-cli',
12 silly mapToRegistry   rawSpec: '',
12 silly mapToRegistry   spec: 'latest',
12 silly mapToRegistry   type: 'tag' }
13 silly mapToRegistry uri https://registry.npmjs.org/angular-cli
14 verbose request uri https://registry.npmjs.org/angular-cli
15 verbose request no auth needed
16 info attempt registry request try #1 at 10:22:28
17 verbose request id 4fefa2b7d1bc956a
18 verbose etag W/"59732f93-3fdba"
19 verbose lastModified Sat, 22 Jul 2017 10:57:23 GMT
20 http request GET https://registry.npmjs.org/angular-cli
21 http 304 https://registry.npmjs.org/angular-cli
22 verbose headers { date: 'Tue, 08 Aug 2017 01:22:28 GMT',
22 verbose headers   via: '1.1 varnish',
22 verbose headers   'cache-control': 'max-age=300',
22 verbose headers   etag: 'W/"59732f93-3fdba"',
22 verbose headers   age: '11',
22 verbose headers   connection: 'keep-alive',
22 verbose headers   'x-served-by': 'cache-nrt6131-NRT',
22 verbose headers   'x-cache': 'HIT',
22 verbose headers   'x-cache-hits': '1',
22 verbose headers   'x-timer': 'S1502155348.251280,VS0,VE1',
22 verbose headers   vary: 'Accept-Encoding, Accept' }
23 silly get cb [ 304,
23 silly get   { date: 'Tue, 08 Aug 2017 01:22:28 GMT',
23 silly get     via: '1.1 varnish',
23 silly get     'cache-control': 'max-age=300',
23 silly get     etag: 'W/"59732f93-3fdba"',
23 silly get     age: '11',
23 silly get     connection: 'keep-alive',
23 silly get     'x-served-by': 'cache-nrt6131-NRT',
23 silly get     'x-cache': 'HIT',
23 silly get     'x-cache-hits': '1',
23 silly get     'x-timer': 'S1502155348.251280,VS0,VE1',
23 silly get     vary: 'Accept-Encoding, Accept' } ]
24 verbose etag https://registry.npmjs.org/angular-cli from cache
25 verbose get saving angular-cli to /Users/wonjunseo/.npm/registry.npmjs.org/angular-cli/.cache.json
26 verbose correctMkdir /Users/wonjunseo/.npm correctMkdir not in flight; initializing
27 silly fetchNamedPackageData No valid target from cache, forcing network
28 verbose request uri https://registry.npmjs.org/angular-cli
29 verbose request no auth needed
30 info attempt registry request try #1 at 10:22:28
31 http request GET https://registry.npmjs.org/angular-cli
32 http 200 https://registry.npmjs.org/angular-cli
33 verbose headers { server: 'nginx/1.10.3',
33 verbose headers   'content-type': 'application/json',
33 verbose headers   'last-modified': 'Sat, 22 Jul 2017 10:57:23 GMT',
33 verbose headers   etag: 'W/"59732f93-3fdba"',
33 verbose headers   'content-encoding': 'gzip',
33 verbose headers   'cache-control': 'max-age=300',
33 verbose headers   'content-length': '21549',
33 verbose headers   'accept-ranges': 'bytes',
33 verbose headers   date: 'Tue, 08 Aug 2017 01:22:28 GMT',
33 verbose headers   via: '1.1 varnish',
33 verbose headers   age: '11',
33 verbose headers   connection: 'keep-alive',
33 verbose headers   'x-served-by': 'cache-nrt6131-NRT',
33 verbose headers   'x-cache': 'HIT',
33 verbose headers   'x-cache-hits': '2',
33 verbose headers   'x-timer': 'S1502155348.374713,VS0,VE0',
33 verbose headers   vary: 'Accept-Encoding, Accept' }
34 silly get cb [ 200,
34 silly get   { server: 'nginx/1.10.3',
34 silly get     'content-type': 'application/json',
34 silly get     'last-modified': 'Sat, 22 Jul 2017 10:57:23 GMT',
34 silly get     etag: 'W/"59732f93-3fdba"',
34 silly get     'content-encoding': 'gzip',
34 silly get     'cache-control': 'max-age=300',
34 silly get     'content-length': '21549',
34 silly get     'accept-ranges': 'bytes',
34 silly get     date: 'Tue, 08 Aug 2017 01:22:28 GMT',
34 silly get     via: '1.1 varnish',
34 silly get     age: '11',
34 silly get     connection: 'keep-alive',
34 silly get     'x-served-by': 'cache-nrt6131-NRT',
34 silly get     'x-cache': 'HIT',
34 silly get     'x-cache-hits': '2',
34 silly get     'x-timer': 'S1502155348.374713,VS0,VE0',
34 silly get     vary: 'Accept-Encoding, Accept' } ]
35 verbose get saving angular-cli to /Users/wonjunseo/.npm/registry.npmjs.org/angular-cli/.cache.json
36 verbose correctMkdir /Users/wonjunseo/.npm correctMkdir not in flight; initializing
37 silly fetchPackageMetaData Error: No compatible version found: angular-cli@1.1.0
37 silly fetchPackageMetaData Valid install targets:
37 silly fetchPackageMetaData 1.0.0-beta.22-1, 1.0.0-beta.20-4, 1.0.0-beta.20-3, 1.0.0-beta.20-2, 1.0.0-beta.20-1, 1.0.0-beta.2-mobile.4, 1.0.0-beta.2-mobile.3, 1.0.0-beta.2-mobile.2, 1.0.0-beta.2-mobile.1, 1.0.0-beta.2-mobile, 1.0.0-beta.19-3, 1.0.0-beta.12-1, 1.0.0-beta.11-webpack.9-4, 1.0.0-beta.11-webpack.9-3, 1.0.0-beta.11-webpack.9-2, 1.0.0-beta.11-webpack.9-1, 1.0.0-beta.11-webpack.9, 1.0.0-beta.11-webpack.8, 1.0.0-beta.11-webpack.7, 1.0.0-beta.11-webpack.6, 1.0.0-beta.11-webpack.5, 1.0.0-beta.11-webpack.4, 1.0.0-beta.11-webpack.3, 1.0.0-beta.11-webpack.2, 1.0.0-beta.11-webpack, 1.0.0-beta.28.3, 1.0.0-beta.28.2, 1.0.0-beta.28, 1.0.0-beta.27, 1.0.0-beta.26, 1.0.0-beta.25.5, 1.0.0-beta.25.4, 1.0.0-beta.25.3, 1.0.0-beta.25.2, 1.0.0-beta.25, 1.0.0-beta.24, 1.0.0-beta.22, 1.0.0-beta.21, 1.0.0-beta.18, 1.0.0-beta.17, 1.0.0-beta.16, 1.0.0-beta.15, 1.0.0-beta.14, 1.0.0-beta.12, 1.0.0-beta.10, 1.0.0-beta.9, 1.0.0-beta.8, 1.0.0-beta.6, 1.0.0-beta.5, 1.0.0-beta.4, 1.0.0-beta.1, 1.0.0-beta.0, 0.1.0, 0.0.39, 0.0.37, 0.0.34, 0.0.33, 0.0.31, 0.0.30, 0.0.29, 0.0.28, 0.0.27, 0.0.26, 0.0.25, 0.0.24, 0.0.23, 0.0.22, 0.0.20, 0.0.19, 0.0.18, 0.0.17, 0.0.16, 0.0.15, 0.0.14, 0.0.13, 0.0.12, 0.0.11, 0.0.10, 0.0.9, 0.0.8, 0.0.7, 0.0.6, 0.0.5, 0.0.4, 0.0.3, 0.0.2, 0.0.1, 0.0.0
37 silly fetchPackageMetaData
37 silly fetchPackageMetaData     at pickVersionFromRegistryDocument (/usr/local/lib/node_modules/npm/lib/fetch-package-metadata.js:178:16)
37 silly fetchPackageMetaData     at /usr/local/lib/node_modules/npm/node_modules/iferr/index.js:13:50
37 silly fetchPackageMetaData     at /usr/local/lib/node_modules/npm/lib/utils/pulse-till-done.js:20:8
37 silly fetchPackageMetaData     at saved (/usr/local/lib/node_modules/npm/lib/cache/caching-client.js:174:7)
37 silly fetchPackageMetaData     at /usr/local/lib/node_modules/npm/node_modules/graceful-fs/polyfills.js:241:18
37 silly fetchPackageMetaData     at FSReqWrap.oncomplete (fs.js:123:15)
37 silly fetchPackageMetaData  error for angular-cli@1.1.0 { Error: No compatible version found: angular-cli@1.1.0
37 silly fetchPackageMetaData Valid install targets:
37 silly fetchPackageMetaData 1.0.0-beta.22-1, 1.0.0-beta.20-4, 1.0.0-beta.20-3, 1.0.0-beta.20-2, 1.0.0-beta.20-1, 1.0.0-beta.2-mobile.4, 1.0.0-beta.2-mobile.3, 1.0.0-beta.2-mobile.2, 1.0.0-beta.2-mobile.1, 1.0.0-beta.2-mobile, 1.0.0-beta.19-3, 1.0.0-beta.12-1, 1.0.0-beta.11-webpack.9-4, 1.0.0-beta.11-webpack.9-3, 1.0.0-beta.11-webpack.9-2, 1.0.0-beta.11-webpack.9-1, 1.0.0-beta.11-webpack.9, 1.0.0-beta.11-webpack.8, 1.0.0-beta.11-webpack.7, 1.0.0-beta.11-webpack.6, 1.0.0-beta.11-webpack.5, 1.0.0-beta.11-webpack.4, 1.0.0-beta.11-webpack.3, 1.0.0-beta.11-webpack.2, 1.0.0-beta.11-webpack, 1.0.0-beta.28.3, 1.0.0-beta.28.2, 1.0.0-beta.28, 1.0.0-beta.27, 1.0.0-beta.26, 1.0.0-beta.25.5, 1.0.0-beta.25.4, 1.0.0-beta.25.3, 1.0.0-beta.25.2, 1.0.0-beta.25, 1.0.0-beta.24, 1.0.0-beta.22, 1.0.0-beta.21, 1.0.0-beta.18, 1.0.0-beta.17, 1.0.0-beta.16, 1.0.0-beta.15, 1.0.0-beta.14, 1.0.0-beta.12, 1.0.0-beta.10, 1.0.0-beta.9, 1.0.0-beta.8, 1.0.0-beta.6, 1.0.0-beta.5, 1.0.0-beta.4, 1.0.0-beta.1, 1.0.0-beta.0, 0.1.0, 0.0.39, 0.0.37, 0.0.34, 0.0.33, 0.0.31, 0.0.30, 0.0.29, 0.0.28, 0.0.27, 0.0.26, 0.0.25, 0.0.24, 0.0.23, 0.0.22, 0.0.20, 0.0.19, 0.0.18, 0.0.17, 0.0.16, 0.0.15, 0.0.14, 0.0.13, 0.0.12, 0.0.11, 0.0.10, 0.0.9, 0.0.8, 0.0.7, 0.0.6, 0.0.5, 0.0.4, 0.0.3, 0.0.2, 0.0.1, 0.0.0
37 silly fetchPackageMetaData
37 silly fetchPackageMetaData     at pickVersionFromRegistryDocument (/usr/local/lib/node_modules/npm/lib/fetch-package-metadata.js:178:16)
37 silly fetchPackageMetaData     at /usr/local/lib/node_modules/npm/node_modules/iferr/index.js:13:50
37 silly fetchPackageMetaData     at /usr/local/lib/node_modules/npm/lib/utils/pulse-till-done.js:20:8
37 silly fetchPackageMetaData     at saved (/usr/local/lib/node_modules/npm/lib/cache/caching-client.js:174:7)
37 silly fetchPackageMetaData     at /usr/local/lib/node_modules/npm/node_modules/graceful-fs/polyfills.js:241:18
37 silly fetchPackageMetaData     at FSReqWrap.oncomplete (fs.js:123:15) code: 'ETARGET' }
38 silly rollbackFailedOptional Starting
39 silly rollbackFailedOptional Finishing
40 silly runTopLevelLifecycles Finishing
41 silly install printInstalled
42 verbose stack Error: No compatible version found: angular-cli@1.1.0
42 verbose stack Valid install targets:
42 verbose stack 1.0.0-beta.22-1, 1.0.0-beta.20-4, 1.0.0-beta.20-3, 1.0.0-beta.20-2, 1.0.0-beta.20-1, 1.0.0-beta.2-mobile.4, 1.0.0-beta.2-mobile.3, 1.0.0-beta.2-mobile.2, 1.0.0-beta.2-mobile.1, 1.0.0-beta.2-mobile, 1.0.0-beta.19-3, 1.0.0-beta.12-1, 1.0.0-beta.11-webpack.9-4, 1.0.0-beta.11-webpack.9-3, 1.0.0-beta.11-webpack.9-2, 1.0.0-beta.11-webpack.9-1, 1.0.0-beta.11-webpack.9, 1.0.0-beta.11-webpack.8, 1.0.0-beta.11-webpack.7, 1.0.0-beta.11-webpack.6, 1.0.0-beta.11-webpack.5, 1.0.0-beta.11-webpack.4, 1.0.0-beta.11-webpack.3, 1.0.0-beta.11-webpack.2, 1.0.0-beta.11-webpack, 1.0.0-beta.28.3, 1.0.0-beta.28.2, 1.0.0-beta.28, 1.0.0-beta.27, 1.0.0-beta.26, 1.0.0-beta.25.5, 1.0.0-beta.25.4, 1.0.0-beta.25.3, 1.0.0-beta.25.2, 1.0.0-beta.25, 1.0.0-beta.24, 1.0.0-beta.22, 1.0.0-beta.21, 1.0.0-beta.18, 1.0.0-beta.17, 1.0.0-beta.16, 1.0.0-beta.15, 1.0.0-beta.14, 1.0.0-beta.12, 1.0.0-beta.10, 1.0.0-beta.9, 1.0.0-beta.8, 1.0.0-beta.6, 1.0.0-beta.5, 1.0.0-beta.4, 1.0.0-beta.1, 1.0.0-beta.0, 0.1.0, 0.0.39, 0.0.37, 0.0.34, 0.0.33, 0.0.31, 0.0.30, 0.0.29, 0.0.28, 0.0.27, 0.0.26, 0.0.25, 0.0.24, 0.0.23, 0.0.22, 0.0.20, 0.0.19, 0.0.18, 0.0.17, 0.0.16, 0.0.15, 0.0.14, 0.0.13, 0.0.12, 0.0.11, 0.0.10, 0.0.9, 0.0.8, 0.0.7, 0.0.6, 0.0.5, 0.0.4, 0.0.3, 0.0.2, 0.0.1, 0.0.0
42 verbose stack
42 verbose stack     at pickVersionFromRegistryDocument (/usr/local/lib/node_modules/npm/lib/fetch-package-metadata.js:178:16)
42 verbose stack     at /usr/local/lib/node_modules/npm/node_modules/iferr/index.js:13:50
42 verbose stack     at /usr/local/lib/node_modules/npm/lib/utils/pulse-till-done.js:20:8
42 verbose stack     at saved (/usr/local/lib/node_modules/npm/lib/cache/caching-client.js:174:7)
42 verbose stack     at /usr/local/lib/node_modules/npm/node_modules/graceful-fs/polyfills.js:241:18
42 verbose stack     at FSReqWrap.oncomplete (fs.js:123:15)
43 verbose cwd /Users/wonjunseo/Documents/recipe
44 error Darwin 16.7.0
45 error argv "/usr/local/bin/node" "/usr/local/bin/npm" "install" "angular-cli@1.1.0"
46 error node v6.11.1
47 error npm  v3.10.10
48 error code ETARGET
49 error notarget No compatible version found: angular-cli@1.1.0
49 error notarget Valid install targets:
49 error notarget 1.0.0-beta.22-1, 1.0.0-beta.20-4, 1.0.0-beta.20-3, 1.0.0-beta.20-2, 1.0.0-beta.20-1, 1.0.0-beta.2-mobile.4, 1.0.0-beta.2-mobile.3, 1.0.0-beta.2-mobile.2, 1.0.0-beta.2-mobile.1, 1.0.0-beta.2-mobile, 1.0.0-beta.19-3, 1.0.0-beta.12-1, 1.0.0-beta.11-webpack.9-4, 1.0.0-beta.11-webpack.9-3, 1.0.0-beta.11-webpack.9-2, 1.0.0-beta.11-webpack.9-1, 1.0.0-beta.11-webpack.9, 1.0.0-beta.11-webpack.8, 1.0.0-beta.11-webpack.7, 1.0.0-beta.11-webpack.6, 1.0.0-beta.11-webpack.5, 1.0.0-beta.11-webpack.4, 1.0.0-beta.11-webpack.3, 1.0.0-beta.11-webpack.2, 1.0.0-beta.11-webpack, 1.0.0-beta.28.3, 1.0.0-beta.28.2, 1.0.0-beta.28, 1.0.0-beta.27, 1.0.0-beta.26, 1.0.0-beta.25.5, 1.0.0-beta.25.4, 1.0.0-beta.25.3, 1.0.0-beta.25.2, 1.0.0-beta.25, 1.0.0-beta.24, 1.0.0-beta.22, 1.0.0-beta.21, 1.0.0-beta.18, 1.0.0-beta.17, 1.0.0-beta.16, 1.0.0-beta.15, 1.0.0-beta.14, 1.0.0-beta.12, 1.0.0-beta.10, 1.0.0-beta.9, 1.0.0-beta.8, 1.0.0-beta.6, 1.0.0-beta.5, 1.0.0-beta.4, 1.0.0-beta.1, 1.0.0-beta.0, 0.1.0, 0.0.39, 0.0.37, 0.0.34, 0.0.33, 0.0.31, 0.0.30, 0.0.29, 0.0.28, 0.0.27, 0.0.26, 0.0.25, 0.0.24, 0.0.23, 0.0.22, 0.0.20, 0.0.19, 0.0.18, 0.0.17, 0.0.16, 0.0.15, 0.0.14, 0.0.13, 0.0.12, 0.0.11, 0.0.10, 0.0.9, 0.0.8, 0.0.7, 0.0.6, 0.0.5, 0.0.4, 0.0.3, 0.0.2, 0.0.1, 0.0.0
50 error notarget This is most likely not a problem with npm itself.
50 error notarget In most cases you or one of your dependencies are requesting
50 error notarget a package version that doesn't exist.
51 verbose exit [ 1, true ]
